La génération a démarré 27/11/2017 09:09:17.
     1>Projet "D:\Projet Optimisation\NSGA-III\NSGA-III\NSGA-III.vcxproj" sur le nœud 2 (Build cible(s)).
     1>ClCompile:
         C:\Program Files (x86)\Microsoft Visual Studio 12.0\VC\bin\CL.exe /c /ZI /nologo /W3 /WX- /sdl /Od /Oy- /D WIN32 /D _DEBUG /D _CONSOLE /D _LIB /D _UNICODE /D UNICODE /Gm /EHsc /RTC1 /MDd /GS /fp:precise /Zc:wchar_t /Zc:forScope /Fo"Debug\\" /Fd"Debug\vc120.pdb" /Gd /TP /analyze- /errorReport:prompt gnuplot_interface.cpp
         gnuplot_interface.cpp
       Link:
         C:\Program Files (x86)\Microsoft Visual Studio 12.0\VC\bin\link.exe /ERRORREPORT:PROMPT /OUT:"D:\Projet Optimisation\NSGA-III\Debug\NSGA-III.exe" /INCREMENTAL /NOLOGO kernel32.lib user32.lib gdi32.lib winspool.lib comdlg32.lib advapi32.lib shell32.lib ole32.lib oleaut32.lib uuid.lib odbc32.lib odbccp32.lib /MANIFEST /MANIFESTUAC:"level='asInvoker' uiAccess='false'" /manifest:embed /DEBUG /PDB:"D:\Projet Optimisation\NSGA-III\Debug\NSGA-III.pdb" /SUBSYSTEM:CONSOLE /TLBID:1 /DYNAMICBASE /NXCOMPAT /IMPLIB:"D:\Projet Optimisation\NSGA-III\Debug\NSGA-III.lib" /MACHINE:X86 Debug\alg_comparator.obj
         Debug\alg_crossover.obj
         Debug\alg_environmental_selection.obj
         Debug\alg_individual.obj
         Debug\alg_initialization.obj
         Debug\alg_mutation.obj
         Debug\alg_nondominated_sort.obj
         Debug\alg_nsgaiii.obj
         Debug\alg_reference_point.obj
         Debug\aux_math.obj
         Debug\aux_misc.obj
         Debug\exp_experiment.obj
         Debug\exp_indicator.obj
         Debug\gnuplot_interface.obj
         Debug\log.obj
         Debug\main.obj
         Debug\problem_DTLZ.obj
         Debug\problem_factory.obj
         Debug\problem_self.obj
         Debug\problem_ZDT.obj
         NSGA-III.vcxproj -> D:\Projet Optimisation\NSGA-III\Debug\NSGA-III.exe
     1>Génération du projet "D:\Projet Optimisation\NSGA-III\NSGA-III\NSGA-III.vcxproj" terminée (Build cible(s)).

La génération a réussi.

Temps écoulé 00:00:00.59
